# JRE version: Java(TM) SE Runtime Environment (8.0_31-b13) (build 1.8.0_31-b13)
# Java VM: Java HotSpot(TM) 64-Bit Server VM (25.31-b07 mixed mode bsd-amd64 compressed oops)
Heap:
 PSYoungGen      total 39424K, used 19507K [0x0000000795580000, 0x0000000798480000, 0x00000007c0000000)
  eden space 31744K, 61% used [0x0000000795580000,0x000000079686cce0,0x0000000797480000)
  from space 7680K, 1% used [0x0000000797500000,0x0000000797520000,0x0000000797c80000)
  to   space 8192K, 0% used [0x0000000797c80000,0x0000000797c80000,0x0000000798480000)
 ParOldGen       total 87552K, used 5935K [0x0000000740000000, 0x0000000745580000, 0x0000000795580000)
  object space 87552K, 6% used [0x0000000740000000,0x00000007405cbdc8,0x0000000745580000)
 Metaspace       used 17953K, capacity 18636K, committed 18816K, reserved 1064960K
  class space    used 2503K, capacity 2669K, committed 2688K, reserved 1048576K
GC Heap History (10 events):
Event: 7825.477 GC heap before
{Heap before GC invocations=3 (full 0):
 PSYoungGen      total 38400K, used 38372K [0x0000000795580000, 0x0000000798000000, 0x00000007c0000000)
  eden space 33280K, 100% used [0x0000000795580000,0x0000000797600000,0x0000000797600000)
  from space 5120K, 99% used [0x0000000797b00000,0x0000000797ff9070,0x0000000798000000)
  to   space 5120K, 0% used [0x0000000797600000,0x0000000797600000,0x0000000797b00000)
 ParOldGen       total 87552K, used 2344K [0x0000000740000000, 0x0000000745580000, 0x0000000795580000)
  object space 87552K, 2% used [0x0000000740000000,0x000000074024a350,0x0000000745580000)
 Metaspace       used 17920K, capacity 18612K, committed 18816K, reserved 1064960K
  class space    used 2500K, capacity 2663K, committed 2688K, reserved 1048576K
Event: 7825.486 GC heap after
Heap after GC invocations=3 (full 0):
 PSYoungGen      total 38400K, used 3680K [0x0000000795580000, 0x0000000798000000, 0x00000007c0000000)
  eden space 33280K, 0% used [0x0000000795580000,0x0000000795580000,0x0000000797600000)
  from space 5120K, 71% used [0x0000000797600000,0x0000000797998020,0x0000000797b00000)
  to   space 5120K, 0% used [0x0000000797b00000,0x0000000797b00000,0x0000000798000000)
 ParOldGen       total 87552K, used 2352K [0x0000000740000000, 0x0000000745580000, 0x0000000795580000)
  object space 87552K, 2% used [0x0000000740000000,0x000000074024c350,0x0000000745580000)
 Metaspace       used 17920K, capacity 18612K, committed 18816K, reserved 1064960K
  class space    used 2500K, capacity 2663K, committed 2688K, reserved 1048576K
}
Event: 8839.243 GC heap before
{Heap before GC invocations=4 (full 0):
 PSYoungGen      total 38400K, used 36960K [0x0000000795580000, 0x0000000798000000, 0x00000007c0000000)
  eden space 33280K, 100% used [0x0000000795580000,0x0000000797600000,0x0000000797600000)
  from space 5120K, 71% used [0x0000000797600000,0x0000000797998020,0x0000000797b00000)
  to   space 5120K, 0% used [0x0000000797b00000,0x0000000797b00000,0x0000000798000000)
 ParOldGen       total 87552K, used 2352K [0x0000000740000000, 0x0000000745580000, 0x0000000795580000)
  object space 87552K, 2% used [0x0000000740000000,0x000000074024c350,0x0000000745580000)
 Metaspace       used 17920K, capacity 18612K, committed 18816K, reserved 1064960K
  class space    used 2500K, capacity 2663K, committed 2688K, reserved 1048576K
Event: 8839.253 GC heap after
Heap after GC invocations=4 (full 0):
 PSYoungGen      total 38400K, used 3632K [0x0000000795580000, 0x0000000798000000, 0x00000007c0000000)
  eden space 33280K, 0% used [0x0000000795580000,0x0000000795580000,0x0000000797600000)
  from space 5120K, 70% used [0x0000000797b00000,0x0000000797e8c030,0x0000000798000000)
  to   space 5120K, 0% used [0x0000000797600000,0x0000000797600000,0x0000000797b00000)
 ParOldGen       total 87552K, used 2360K [0x0000000740000000, 0x0000000745580000, 0x0000000795580000)
  object space 87552K, 2% used [0x0000000740000000,0x000000074024e350,0x0000000745580000)
 Metaspace       used 17920K, capacity 18612K, committed 18816K, reserved 1064960K
  class space    used 2500K, capacity 2663K, committed 2688K, reserved 1048576K
}
Event: 11616.706 GC heap before
{Heap before GC invocations=5 (full 0):
 PSYoungGen      total 38400K, used 36912K [0x0000000795580000, 0x0000000798000000, 0x00000007c0000000)
  eden space 33280K, 100% used [0x0000000795580000,0x0000000797600000,0x0000000797600000)
  from space 5120K, 70% used [0x0000000797b00000,0x0000000797e8c030,0x0000000798000000)
  to   space 5120K, 0% used [0x0000000797600000,0x0000000797600000,0x0000000797b00000)
 ParOldGen       total 87552K, used 2360K [0x0000000740000000, 0x0000000745580000, 0x0000000795580000)
  object space 87552K, 2% used [0x0000000740000000,0x000000074024e350,0x0000000745580000)
 Metaspace       used 17920K, capacity 18612K, committed 18816K, reserved 1064960K
  class space    used 2500K, capacity 2663K, committed 2688K, reserved 1048576K
Event: 11616.857 GC heap after
Heap after GC invocations=5 (full 0):
 PSYoungGen      total 37888K, used 3648K [0x0000000795580000, 0x0000000798580000, 0x00000007c0000000)
  eden space 32768K, 0% used [0x0000000795580000,0x0000000795580000,0x0000000797580000)
  from space 5120K, 71% used [0x0000000797600000,0x0000000797990040,0x0000000797b00000)
  to   space 8192K, 0% used [0x0000000797d80000,0x0000000797d80000,0x0000000798580000)
 ParOldGen       total 87552K, used 2368K [0x0000000740000000, 0x0000000745580000, 0x0000000795580000)
  object space 87552K, 2% used [0x0000000740000000,0x0000000740250350,0x0000000745580000)
 Metaspace       used 17920K, capacity 18612K, committed 18816K, reserved 1064960K
  class space    used 2500K, capacity 2663K, committed 2688K, reserved 1048576K
}
Event: 13286.148 GC heap before
{Heap before GC invocations=6 (full 0):
 PSYoungGen      total 37888K, used 36416K [0x0000000795580000, 0x0000000798580000, 0x00000007c0000000)
  eden space 32768K, 100% used [0x0000000795580000,0x0000000797580000,0x0000000797580000)
  from space 5120K, 71% used [0x0000000797600000,0x0000000797990040,0x0000000797b00000)
  to   space 8192K, 0% used [0x0000000797d80000,0x0000000797d80000,0x0000000798580000)
 ParOldGen       total 87552K, used 2368K [0x0000000740000000, 0x0000000745580000, 0x0000000795580000)
  object space 87552K, 2% used [0x0000000740000000,0x0000000740250350,0x0000000745580000)
 Metaspace       used 17920K, capacity 18612K, committed 18816K, reserved 1064960K
  class space    used 2500K, capacity 2663K, committed 2688K, reserved 1048576K
Event: 13286.382 GC heap after
Heap after GC invocations=6 (full 0):
 PSYoungGen      total 38912K, used 3680K [0x0000000795580000, 0x0000000798400000, 0x00000007c0000000)
  eden space 32256K, 0% used [0x0000000795580000,0x0000000795580000,0x0000000797500000)
  from space 6656K, 55% used [0x0000000797d80000,0x0000000798118040,0x0000000798400000)
  to   space 7680K, 0% used [0x0000000797500000,0x0000000797500000,0x0000000797c80000)
 ParOldGen       total 87552K, used 2376K [0x0000000740000000, 0x0000000745580000, 0x0000000795580000)
  object space 87552K, 2% used [0x0000000740000000,0x0000000740252350,0x0000000745580000)
 Metaspace       used 17920K, capacity 18612K, committed 18816K, reserved 1064960K
  class space    used 2500K, capacity 2663K, committed 2688K, reserved 1048576K
}
Event: 15821.410 GC heap before
{Heap before GC invocations=7 (full 0):
 PSYoungGen      total 38912K, used 35936K [0x0000000795580000, 0x0000000798400000, 0x00000007c0000000)
  eden space 32256K, 100% used [0x0000000795580000,0x0000000797500000,0x0000000797500000)
  from space 6656K, 55% used [0x0000000797d80000,0x0000000798118040,0x0000000798400000)
  to   space 7680K, 0% used [0x0000000797500000,0x0000000797500000,0x0000000797c80000)
 ParOldGen       total 87552K, used 2376K [0x0000000740000000, 0x0000000745580000, 0x0000000795580000)
  object space 87552K, 2% used [0x0000000740000000,0x0000000740252350,0x0000000745580000)
 Metaspace       used 17920K, capacity 18612K, committed 18816K, reserved 1064960K
  class space    used 2500K, capacity 2663K, committed 2688K, reserved 1048576K
Event: 15821.428 GC heap after
Heap after GC invocations=7 (full 0):
 PSYoungGen      total 39424K, used 128K [0x0000000795580000, 0x0000000798480000, 0x00000007c0000000)
  eden space 31744K, 0% used [0x0000000795580000,0x0000000795580000,0x0000000797480000)
  from space 7680K, 1% used [0x0000000797500000,0x0000000797520000,0x0000000797c80000)
  to   space 8192K, 0% used [0x0000000797c80000,0x0000000797c80000,0x0000000798480000)
 ParOldGen       total 87552K, used 5935K [0x0000000740000000, 0x0000000745580000, 0x0000000795580000)
  object space 87552K, 6% used [0x0000000740000000,0x00000007405cbdc8,0x0000000745580000)
 Metaspace       used 17920K, capacity 18612K, committed 18816K, reserved 1064960K
  class space    used 2500K, capacity 2663K, committed 2688K, reserved 1048576K
}

